d:\02c++\08ffmpeg\src\05xpaly\x64\debug\uic\ui_xpaly.h
d:\02c++\08ffmpeg\src\05xpaly\x64\debug\rcc\qrc_xpaly.cpp
d:\02c++\08ffmpeg\src\05xpaly\x64\debug\moc\moc_xpaly.cpp
d:\02c++\08ffmpeg\src\05xpaly\x64\debug\moc\moc_xvideowidget.cpp
d:\02c++\08ffmpeg\src\05xpaly\x64\debug\moc\moc_xslider.cpp
d:\02c++\08ffmpeg\src\05xpaly\x64\debug\xaudiothread.obj
d:\02c++\08ffmpeg\src\05xpaly\x64\debug\main.obj
d:\02c++\08ffmpeg\src\05xpaly\x64\debug\xvideothread.obj
d:\02c++\08ffmpeg\src\05xpaly\x64\debug\xaudioplay.obj
d:\02c++\08ffmpeg\src\05xpaly\x64\debug\xdecodethread.obj
d:\02c++\08ffmpeg\src\05xpaly\x64\debug\xvideowidget.obj
d:\02c++\08ffmpeg\src\05xpaly\x64\debug\xdemuxthread.obj
d:\02c++\08ffmpeg\src\05xpaly\x64\debug\xdemux.obj
d:\02c++\08ffmpeg\src\05xpaly\x64\debug\xresample.obj
d:\02c++\08ffmpeg\src\05xpaly\x64\debug\xpaly.obj
d:\02c++\08ffmpeg\src\05xpaly\x64\debug\xdecode.obj
d:\02c++\08ffmpeg\src\05xpaly\x64\debug\moc_xpaly.obj
d:\02c++\08ffmpeg\src\05xpaly\x64\debug\qrc_xpaly.obj
d:\02c++\08ffmpeg\src\05xpaly\x64\debug\moc_xvideowidget.obj
d:\02c++\08ffmpeg\src\05xpaly\x64\debug\xslider.obj
d:\02c++\08ffmpeg\src\05xpaly\x64\debug\vc141.pdb
d:\02c++\08ffmpeg\src\05xpaly\x64\debug\moc_xslider.obj
d:\02c++\08ffmpeg\bin\win64\05xpaly.exe
d:\02c++\08ffmpeg\bin\win64\05xpaly.ilk
d:\02c++\08ffmpeg\bin\win64\05xpaly.pdb
d:\02c++\08ffmpeg\src\05xpaly\..\..\bin\win64\05xpaly.exe
d:\02c++\08ffmpeg\src\05xpaly\x64\debug\05xpaly.tlog\05xpaly.write.1u.tlog
d:\02c++\08ffmpeg\src\05xpaly\x64\debug\05xpaly.tlog\cl.command.1.tlog
d:\02c++\08ffmpeg\src\05xpaly\x64\debug\05xpaly.tlog\cl.read.1.tlog
d:\02c++\08ffmpeg\src\05xpaly\x64\debug\05xpaly.tlog\cl.write.1.tlog
d:\02c++\08ffmpeg\src\05xpaly\x64\debug\05xpaly.tlog\link.command.1.tlog
d:\02c++\08ffmpeg\src\05xpaly\x64\debug\05xpaly.tlog\link.read.1.tlog
d:\02c++\08ffmpeg\src\05xpaly\x64\debug\05xpaly.tlog\link.write.1.tlog
d:\02c++\08ffmpeg\src\05xpaly\x64\debug\05xpaly.tlog\moc.read.1u.tlog
d:\02c++\08ffmpeg\src\05xpaly\x64\debug\05xpaly.tlog\moc.write.1u.tlog
d:\02c++\08ffmpeg\src\05xpaly\x64\debug\05xpaly.tlog\rcc.read.1u.tlog
d:\02c++\08ffmpeg\src\05xpaly\x64\debug\05xpaly.tlog\rcc.write.1u.tlog
d:\02c++\08ffmpeg\src\05xpaly\x64\debug\05xpaly.tlog\uic.read.1u.tlog
d:\02c++\08ffmpeg\src\05xpaly\x64\debug\05xpaly.tlog\uic.write.1u.tlog
